<?xml version="1.0" encoding="UTF-8"?>
<!-- Generated by org.testng.reporters.JUnitReportReporter -->
<testsuite hostname="vijay" name="script.Worldbank" tests="1" failures="0" timestamp="17 Sep 2016 14:36:10 GMT" time="25.979" errors="0">
  <testcase name="testmain" time="25.979" classname="script.Worldbank"/>
</testsuite> <!-- script.Worldbank -->
